<?xml version="1.0" encoding="UTF-8"?>
<testsuite name="TestRunner" tests="7" skipped="0" failures="0" errors="0" timestamp="2022-02-01T15:22:52" hostname="DESKTOP-285ADBM" time="16.049">
  <properties/>
  <testcase name="DoLogIn" classname="TestRunner" time="7.189"/>
  <testcase name="getCustomerList" classname="TestRunner" time="1.641"/>
  <testcase name="SearchCustomer" classname="TestRunner" time="1.36"/>
  <testcase name="GenerateNewCustomer" classname="TestRunner" time="1.136"/>
  <testcase name="CreateNewCustomer" classname="TestRunner" time="1.654"/>
  <testcase name="UpdateNCustomer" classname="TestRunner" time="1.522"/>
  <testcase name="DeleteCustomer" classname="TestRunner" time="1.445"/>
  <system-out><![CDATA[token: eyJhbGciOiJIUzI1NiIsInR5cCI6IkpXVCJ9.eyJ1c2VybmFtZSI6InNhbG1hbiIsInJvbGUiOiJtZW1iZXIiLCJpYXQiOjE2NDM3Mjg5NzgsImV4cCI6MTY0MzczMDc3OH0.ugNCKt_H_G5q-BxyEUVCw7QhOvHWkPbpiAumkIXrdhQ
{"Count":20,"Customers":[{"id":101,"name":"Meinrad","email":"meinrad.ring@example.com","address":"Bremen","phone_number":"0171-8606650"},{"id":102,"name":"Mr. Jamal Islam","email":"mrjamal@test.com","address":"Gulshan,Dhaka","phone_number":"01502020110"},{"email":"customer103@grr.la"},{"id":954845,"name":"Blair Bruen MD","email":"daren71@testmail.com","address":"Dhaka","phone_number":"(701)153-2687"},{"id":352879,"name":"Jerod Mueller","email":"trudie47@testmail.com","address":"UK","phone_number":"(835)162-1924x09032"},{"id":504703,"name":"Estevan Fritsch","email":"yreichert@testmail.com","address":"USA","phone_number":"(359)418-5803x07051"},{"id":"20828","name":"Kevin Turcotte","email":"obins@test.com","address":"Newyork,USA","phone_number":"999.552.5891x87012"},{"id":"96370","name":"Macey Weimann","email":"wgerhold@test.com","address":"Newyork,USA","phone_number":"668-977-7960x74627"},{"id":52327,"name":"Brenden Langworth DVM","email":"yjacobson@test.com","address":"Newyork,USA","phone_number":"08363624535"},{"id":84637,"name":"Gunner Effertz","email":"veum.lenore@test.com","address":"Newyork,USA","phone_number":"284.180.9944x11485"},{"id":857348,"name":"Jamison Okuneva","email":"aileen94@testmail.com","address":"UK","phone_number":"(845)440-1812x8801"},{"id":287364,"name":"Dr. Blake Hagenes","email":"sidney25@testmail.com","address":"USA","phone_number":"1-052-654-2022x368"},{"id":679109,"name":"Rory Koch DDS","email":"fkemmer@testmail.com","address":"USA","phone_number":"(907)322-2198x549"},{"id":205172,"name":"Felton Rath","email":"dandre51@testmail.com","address":"USA","phone_number":"+45(1)5545085666"},{"id":968419,"name":"Prof. Dane McKenzie","email":"orion81@testmail.com","address":"USA","phone_number":"+10(1)2973113263"},{"id":368661,"name":"Jerod Schinner","email":"adrianna60@testmail.com","address":"BD","phone_number":"732-656-5877x27140"},{"id":518214,"name":"Shad Mayert","email":"kiley.greenholt@testmail.com","address":"England","phone_number":"1-506-109-8179"},{"id":248097,"name":"Lexus Hickle V","email":"oma15@testmail.com","address":"USA","phone_number":"(332)682-6052x5100"},{"id":820107,"name":"Jace Kub","email":"bharris@testmail.com","address":"England","phone_number":"381.660.6268x8770"},{"id":425862,"name":"Meinrad","email":"meinrad.ring@example.com","address":"Bremen","phone_number":"0171-8606650"}]}
101
{"id":102,"name":"Mr. Jamal Islam","email":"mrjamal@test.com","address":"Gulshan,Dhaka","phone_number":"01502020110"}
{"results":[{"gender":"male","name":{"title":"Mr","first":"Benjamin","last":"Thompson"},"location":{"street":{"number":4039,"name":"Pine Rd"},"city":"Stratford","state":"Québec","country":"Canada","postcode":"F9D 2B5","coordinates":{"latitude":"-68.2846","longitude":"-66.8490"},"timezone":{"offset":"+3:30","description":"Tehran"}},"email":"benjamin.thompson@example.com","login":{"uuid":"2e96cdd2-b1e6-4db1-87a5-6d0f131b0c90","username":"redfrog479","password":"jojojo","salt":"Th5x1Ter","md5":"8e3d161452f2c09fec9567ab783e9c09","sha1":"97f861463751e29bceca6b5d941b381358eda5c4","sha256":"b7d0a2fe2307fa2be24c45adb49a42728f06581f0d72f41aa361472f94b38f87"},"dob":{"date":"1989-11-27T15:15:06.512Z","age":33},"registered":{"date":"2002-09-20T07:23:14.795Z","age":20},"phone":"021-707-5042","cell":"025-615-1651","id":{"name":"","value":null},"picture":{"large":"https://randomuser.me/api/portraits/men/98.jpg","medium":"https://randomuser.me/api/portraits/med/men/98.jpg","thumbnail":"https://randomuser.me/api/portraits/thumb/men/98.jpg"},"nat":"CA"}],"info":{"seed":"7da76572c080640c","results":1,"page":1,"version":"1.3"}}
{"message":"Success","Customers":{"id":170128,"name":"Benjamin","email":"benjamin.thompson@example.com","address":"Québec","phone_number":"025-615-1651"}}
{"message":"Success","Customers":{"id":101,"name":"Benjamin","email":"benjamin.thompson@example.com","address":"Québec","phone_number":"025-615-1651"}}
{"message":"Customer deleted!"}
]]></system-out>
  <system-err><![CDATA[]]></system-err>
</testsuite>
